2017-01-18 16:32:09,301 [com.zaxxer.hikari.HikariDataSource]:
INFO HikariPool-1 - Started.
2017-01-18 16:32:10,332 [com.weapes.ntpaprseng.crawler.util.Helper]:
INFO 开始加载种子...
2017-01-18 16:32:10,395 [com.weapes.ntpaprseng.crawler.util.Helper]:
INFO 种子加载完成...
2017-01-18 16:32:10,395 [com.weapes.ntpaprseng.crawler.crawler.PaperCrawler]:
INFO 种子分发完成...
2017-01-18 16:32:24,431 [com.weapes.ntpaprseng.crawler.util.Helper]:
INFO 开始加载种子...
2017-01-18 16:32:24,431 [com.weapes.ntpaprseng.crawler.util.Helper]:
INFO 种子加载完成...
2017-01-18 16:32:24,431 [com.weapes.ntpaprseng.crawler.crawler.PaperCrawler]:
INFO 种子分发完成...
2017-01-18 16:32:31,453 [com.weapes.ntpaprseng.crawler.util.Helper]:
INFO 开始加载种子...
2017-01-18 16:32:31,453 [com.weapes.ntpaprseng.crawler.util.Helper]:
INFO 种子加载完成...
2017-01-18 16:32:31,453 [com.weapes.ntpaprseng.crawler.crawler.PaperCrawler]:
INFO 种子分发完成...
2017-01-18 16:32:39,493 [com.weapes.ntpaprseng.crawler.util.Helper]:
INFO 开始加载种子...
2017-01-18 16:32:39,504 [com.weapes.ntpaprseng.crawler.util.Helper]:
INFO 种子加载完成...
2017-01-18 16:32:39,504 [com.weapes.ntpaprseng.crawler.crawler.PaperCrawler]:
INFO 种子分发完成...
